make.exe all --print-data-base --no-builtin-variables --no-builtin-rules --question
# GNU Make 3.82.90
# Built for i686-pc-mingw32
# Copyright (C) 1988-2012 Free Software Foundation, Inc.
# License GPLv3+: GNU GPL version 3 or later <http://gnu.org/licenses/gpl.html>
# This is free software: you are free to change and redistribute it.
# There is NO WARRANTY, to the extent permitted by law.
 

# Make data base, printed on Tue Aug 24 16:41:14 2021

# Variables

# automatic
<D = $(patsubst %/,%,$(patsubst %\,%,$(dir $<)))
# automatic
?F = $(notdir $?)
# default
.SHELLFLAGS := -c
# makefile
MAKEFLAGS = Rrqp
# environment
VSCODE_LOG_NATIVE = false
# automatic
?D = $(patsubst %/,%,$(patsubst %\,%,$(dir $?)))
# automatic
@D = $(patsubst %/,%,$(patsubst %\,%,$(dir $@)))
# environment
HOMEDRIVE = C:
# automatic
@F = $(notdir $@)
# automatic
^D = $(patsubst %/,%,$(patsubst %\,%,$(dir $^)))
# makefile
CUR 
DIR := d:/myworkspace/leetcode-hot100
# default
SHELL := sh.exe
# environment
WINDIR = C:\WINDOWS
# environment
VSCODE_NLS_CONFIG = {"locale":"zh-cn","availableLanguages":{"*":"zh-cn"},"_languagePackId":"7e2798734d22b5386c06852fa8a7c560.zh-cn","_translationsConfigFile":"C:\\Users\\Administrator\\AppData\\Roaming\\Code\\clp\\7e2798734d22b5386c06852fa8a7c560.zh-cn\\tcf.json","_cacheRoot":"C:\\Users\\Administrator\\AppData\\Roaming\\Code\\clp\\7e2798734d22b5386c06852fa8a7c560.zh-cn","_resolvedLanguagePackCoreLocation":"C:\\Users\\Administrator\\AppData\\Roaming\\Code\\clp\\7e2798734d22b5386c06852fa8a7c560.zh-cn\\3866c3553be8b268c8a7f8c0482c0c0177aa8bfa","_corruptedFile":"C:\\Users\\Administrator\\AppData\\Roaming\\Code\\clp\\7e2798734d22b5386c06852fa8a7c560.zh-cn\\corrupted.info","_languagePackSupport":true}
# environment
ONEDRIVE = C:\Users\Administrator\OneDrive
# environment
PATHEXT = .COM;.EXE;.BAT;.CMD;.VBS;.VBE;.JS;.JSE;.WSF;.WSH;.MSC
# makefile
MAKEFILE_LIST := 
# environment
TMP = C:\Users\ADMINI~1\AppData\Local\Temp
# environment
VSCODE_VERBOSE_LOGGING = true
# environment
PROGRAMW6432 = C:\Program Files
# environment
PROGRAMDATA = C:\ProgramData
# environment
VSCODE_IPC_HOOK_EXTHOST = \\.\pipe\vscode-ipc-aab88bf4-3764-4f1f-aeb2-34fa72d6f4eb-sock
# environment
VSCODE_CWD = D:\Microsoft VS Code
# environment
PATH = C:\Program Files\Common Files\Oracle\Java\javapath;C:\ProgramData\scoop\shims;C:\Windows\system32;C:\Windows;C:\Windows\System32\Wbem;C:\Windows\System32\WindowsPowerShell\v1.0\;C:\Windows\System32\OpenSSH\;C:\Program Files (x86)\IBM\Informix\Client-SDK\bin;D:\node\;D:\Git\cmd;D:\putty\;D:\OpenVPN\bin;C:\WINDOWS\system32;C:\WINDOWS;C:\WINDOWS\System32\Wbem;C:\WINDOWS\System32\WindowsPowerShell\v1.0\;C:\WINDOWS\System32\OpenSSH\;C:\Users\Administrator\scoop\shims;C:\Users\Administrator\AppData\Local\Microsoft\WindowsApps;C:\Users\Administrator\AppData\Roaming\npm;D:\Microsoft VS Code\bin;D:\node;C:\Users\Administrator\AppData\Local\Yarn\bin;C:\MinGW\bin;C:\Users\Administrator\AppData\Local\Microsoft\WindowsApps;C:\Users\Administrator\AppData\Local\Android\Sdk\platform-tools;C:\Users\Administrator\AppData\Local\Android\Sdk\emulator;C:\Users\Administrator\AppData\Local\Android\Sdk\tools;C:\Users\Administrator\AppData\Local\Android\Sdk\tools\bin;C:\Users\Administrator\AppData\Local\Android\Sdk\platform-tools;
# environment
COMMONPROGRAMW6432 = C:\Program Files\Common Files
# environment
ZES_ENABLE_SYSMAN = 1
# environment
PROCESSOR_ARCHITECTURE = x86
# environment
USERPROFILE = C:\Users\Administrator
# environment
ALLUSERSPROFILE = C:\ProgramData
# environment
VSCODE_LOG_STACK = false
# environment
NUMBER_OF_PROCESSORS = 8
# environment
ELECTRON_RUN_AS_NODE = 1
# environment
ANDROID_HOME = C:\Users\Administrator\AppData\Local\Android\Sdk
# default
.FEATURES := target-specific order-only second-expansion else-if shortest-stem undefine oneshell archives jobserver
# automatic
%F = $(notdir $%)
# environment
CHROME_CRASHPAD_PIPE_NAME = \\.\pipe\crashpad_7960_GZFUYYBHXQHLCJQA
# environment
VSCODE_PIPE_LOGGING = true
# environment
COMPUTERNAME = DESKTOP-VBQ3K2N
# environment
PROGRAMFILES = C:\Program Files (x86)
# environment
DRIVERDATA = C:\Windows\System32\Drivers\DriverData
# environment
ORIGINAL_XDG_CURRENT_DESKTOP = undefined
# environment
USERNAME = Administrator
# environment
PUBLIC = C:\Users\Public
# environment
VSCODE_AMD_ENTRYPOINT = vs/workbench/services/extensions/node/extensionHostProcess
# environment
VSCODE_CODE_CACHE_PATH = C:\Users\Administrator\AppData\Roaming\Code\CachedData\3866c3553be8b268c8a7f8c0482c0c0177aa8bfa
# environment
APPLICATION_INSIGHTS_NO_DIAGNOSTIC_CHANNEL = true
# environment
COMMONPROGRAMFILES = C:\Program Files (x86)\Common Files
# environment
LOGONSERVER = \\DESKTOP-VBQ3K2N
# environment
VSCODE_HANDLES_UNCAUGHT_ERRORS = true
# environment
USERDOMAIN = DESKTOP-VBQ3K2N
# environment
MAKELEVEL := 0
# default
MAKE = $(MAKE_COMMAND)
# default
MAKECMDGOALS := all
# default
MAKE_VERSION := 3.82.90
# makefile
.DEFAULT_GOAL := 
# environment
PROGRAMFILES(X86) = C:\Program Files (x86)
# automatic
%D = $(patsubst %/,%,$(patsubst %\,%,$(dir $%)))
# environment
LOCALAPPDATA = C:\Users\Administrator\AppData\Local
# environment
PSMODULEPATH = C:\Program Files\WindowsPowerShell\Modules;C:\WINDOWS\system32\WindowsPowerShell\v1.0\Modules
# default
MAKE_COMMAND := make.exe
# environment
PROCESSOR_ARCHITEW6432 = AMD64
# default
.VARIABLES := 
# automatic
*F = $(notdir $*)
# environment
PROCESSOR_IDENTIFIER = Intel64 Family 6 Model 142 Stepping 12, GenuineIntel
# environment
OS = Windows_NT
# enviro 
nment
VSCODE_IPC_HOOK = \\.\pipe\9e7283c68e6159fd1e9872b65f264be5-1.59.1-main-sock
# environment
WXDRIVE_START_ARGS = --wxdrive-setting=0 --disable-gpu --disable-software-rasterizer --enable-features=NetworkServiceInProcess
# environment
HOMEPATH = \Users\Administrator
# environment
COMMONPROGRAMFILES(X86) = C:\Program Files (x86)\Common Files
# environment
PROMPT = $P$G
# environment
MFLAGS = -Rrqp
# automatic
*D = $(patsubst %/,%,$(patsubst %\,%,$(dir $*)))
# environment
SYSTEMROOT = C:\WINDOWS
# automatic
+D = $(patsubst %/,%,$(patsubst %\,%,$(dir $+)))
# automatic
+F = $(notdir $+)
# environment
APPDATA = C:\Users\Administrator\AppData\Roaming
# environment
TEMP = C:\Users\ADMINI~1\AppData\Local\Temp
# environment
COMSPEC = C:\WINDOWS\system32\cmd.exe
# default
MAKEFILES := 
# environment
VSCODE_BROWSER_CODE_LOADING = bypassHeatCheck
# automatic
<F = $(notdir $<)
# environment
LC_ALL = C
# automatic
^F = $(notdir $^)
# default
SUFFIXES := 
# environment
SYSTEMDRIVE = C:
# environment
SESSIONNAME = Console 

# environment
PROCESSOR_REVISION = 8e0c
# default
.INCLUDE_DIRS = C:/MinGW/include
# default
.RECIPEPREFIX := 
# environment
LANG = C
# environment
PROCESSOR_LEVEL = 6
# environment
VSCODE_PID = 7960
# environment
USERDOMAIN_ROAMINGPROFILE = DESKTOP-VBQ3K2N
# variable set hash-table stats:
# Load=93/1024=9%, Rehash=0, Collisions=11/109=10%

# Pattern-specific Variable Values

# No pattern-specific variable values.

# Directories

# D:\OpenVPN\bin (key D:/OpenVPN/bin, mtime 1614674790): 9 files, no impossibilities.
# C:\Users\Administrator\scoop\shims (key C:/Users/Administrator/scoop/shims, mtime 1615968133): 8 files, no impossibilities.
# C:\Windows\System32\WindowsPowerShell\v1.0\ (key C:/Windows/System32/WindowsPowerShell/v1.0/, mtime 1618887664): 31 files, no impossibilities.
# C:\WINDOWS\System32\Wbem (key C:/WINDOWS/System32/Wbem, mtime 1627385601): 171 files, no impossibilities.
# . (key d:/myworkspace/leetcode-hot100, mtime 1624945686): 7 files, no impossibilities.
# D:\Microsoft VS Code\bin (key D:/ 
Microsoft VS Code/bin, mtime 1629783166): 4 files, no impossibilities.
# D:\putty\ (key D:/putty/, mtime 1614584074): 12 files, no impossibilities.
# C:\Windows\System32\OpenSSH\: could not be stat'd.
# C:\Users\Administrator\AppData\Local\Android\Sdk\tools\bin (key C:/Users/Administrator/AppData/Local/Android/Sdk/tools/bin, mtime 1621251122): 10 files, no impossibilities.
# C:\MinGW\bin (key C:/MinGW/bin, mtime 1615972144): 147 files, no impossibilities.
# C:\WINDOWS (key C:/WINDOWS, mtime 1628818323): 137 
 files, no impossibilities.
# C:\Users\Administrator\AppData\Roaming\npm (key C:/Users/Administrator/AppData/Roaming/npm, mtime 1627523637): 54 files, no impossibilities.
# C:\Windows (key C:/Windows, mtime 1628818323): 137 files, no impossibilities.
# C:\ProgramData\scoop\shims (key C:/ProgramData/scoop/shims, mtime 1615968750): 8 files, no impossibilities.
# C:\Users\Administrator\AppData\Local\Android\Sdk\emulator (key C:/Users/Administrator/AppData/Local/Android/Sdk/emulator, mtime 1621251023): 29 files 
, no impossibilities.
# C:\Users\Administrator\AppData\Local\Microsoft\WindowsApps (key C:/Users/Administrator/AppData/Local/Microsoft/WindowsApps, mtime 1629259930): 12 files, no impossibilities.
# D:\Git\cmd (key D:/Git/cmd, mtime 1614577736): 8 files, no impossibilities.
# C:\Users\Administrator\AppData\Local\Yarn\bin (key C:/Users/Administrator/AppData/Local/Yarn/bin, mtime 1624591383): 46 files, no impossibilities.
# C:\Windows\System32\Wbem (key C:/Windows/System32/Wbem, mtime 1627385601): 171 files,  
no impossibilities.
# C:\Program Files\Common Files\Oracle\Java\javapath (key C:/Program Files/Common Files/Oracle/Java/javapath, mtime 1621479942): 6 files, no impossibilities.
# D:\node\ (key D:/node/, mtime 1623222441): 16 files, no impossibilities.
# C:\WINDOWS\System32\WindowsPowerShell\v1.0\ (key C:/WINDOWS/System32/WindowsPowerShell/v1.0/, mtime 1618887664): 31 files, no impossibilities.
# D:\node (key D:/node, mtime 1623222441): 16 files, no impossibilities.
# C:\Windows\system32 (key C:/Windows/sys 
tem32, mtime 1629164148): 2984 files, no impossibilities.
# C:\Program Files (x86)\IBM\Informix\Client-SDK\bin (key C:/Program Files (x86)/IBM/Informix/Client-SDK/bin, mtime 1609753908): 38 files, no impossibilities.
# C:\Users\Administrator\AppData\Local\Android\Sdk\tools (key C:/Users/Administrator/AppData/Local/Android/Sdk/tools, mtime 1621251122): 14 files, no impossibilities.
# C:\WINDOWS\System32\OpenSSH\: could not be stat'd.
# C:\WINDOWS\system32 (key C:/WINDOWS/system32, mtime 1629164148): 2984 files, no impossibilities.
# C:\Users\Administrator\AppData\Local\Android\Sdk\platform-tools (key C:/Users/Administrator/AppData/Local/Android/Sdk/platform-tools, mtime 1621250832): 20 files, no impossibilities.

# 7110 files, no impossibilities in 29 directories.

# Implicit Rules

# No implicit rules.

# Files

# Not a target:
all:
#  Command line target.
#  Implicit rule search has been done.
#  File does not exist.
#  File has not been updated.

# Not a target:
.SUFFIXES:
#  Implicit rule search has not be 
en done.
#  Modification time never checked.
#  File has not been updated.

# Not a target:
Makefile:
#  Implicit rule search has been done.
#  File does not exist.
#  File has been updated.
#  Failed to be updated.

# Not a target:
makefile:
#  Implicit rule search has been done.
#  File does not exist.
#  File has been updated.
#  Failed to be updated.

# Not a target:
.DEFAULT:
#  Implicit rule search has not been done.
#  Modification time never checked.
#  File has not been updated.

# Not a target:
GN 
Umakefile:
#  Implicit rule search has been done.
#  File does not exist.
#  File has been updated.
#  Failed to be updated.

# files hash-table stats:
# Load=6/1024=1%, Rehash=0, Collisions=0/15=0%
# VPATH Search Paths

# No 'vpath' search paths.

# No general ('VPATH' variable) search path.

# strcache buffers: 7 (5) / strings = 3715 / storage = 56350 B / avg = 15 B
# current buf: size = 8174 B / used = 7378 B / count = 518 / avg = 14 B
# other used: total = 48176 B / count = 3197 / avg = 15 B
# other fre 
e: total = 72 B / max = 35 B / min = 4 B / avg = 12 B

# strcache performance: lookups = 7147 / hit rate = 48%
# hash-table stats:
# Load=3715/8192=45%, Rehash=0, Collisions=2536/7147=35%
# Finished Make data base on Tue Aug 24 16:41:14 2021

 
make.exe: *** No rule to make target 'all'.  Stop.
 
